INFO  - 2015-03-24 20:23:59.523; org.eclipse.jetty.server.Server; jetty-8.1.10.v20130312
INFO  - 2015-03-24 20:23:59.557; org.eclipse.jetty.deploy.providers.ScanningAppProvider; Deployment monitor /home/ubuntu/project_lg1/lg1/solr-4.10.2/example/contexts at interval 0
INFO  - 2015-03-24 20:23:59.562; org.eclipse.jetty.deploy.DeploymentManager; Deployable added: /home/ubuntu/project_lg1/lg1/solr-4.10.2/example/contexts/solr-jetty-context.xml
INFO  - 2015-03-24 20:24:01.128; org.eclipse.jetty.webapp.StandardDescriptorProcessor; NO JSP Support for /solr, did not find org.apache.jasper.servlet.JspServlet
INFO  - 2015-03-24 20:24:01.253; org.apache.solr.servlet.SolrDispatchFilter; SolrDispatchFilter.init()
INFO  - 2015-03-24 20:24:01.281; org.apache.solr.core.SolrResourceLoader; JNDI not configured for solr (NoInitialContextEx)
INFO  - 2015-03-24 20:24:01.281; org.apache.solr.core.SolrResourceLoader; using system property solr.solr.home: /home/ubuntu/project_lg1/lg1/solr-4.10.2/example/solr
INFO  - 2015-03-24 20:24:01.282; org.apache.solr.core.SolrResourceLoader; new SolrResourceLoader for directory: '/home/ubuntu/project_lg1/lg1/solr-4.10.2/example/solr/'
INFO  - 2015-03-24 20:24:01.424; org.apache.solr.core.ConfigSolr; Loading container configuration from /home/ubuntu/project_lg1/lg1/solr-4.10.2/example/solr/solr.xml
INFO  - 2015-03-24 20:24:01.608; org.apache.solr.core.CorePropertiesLocator; Config-defined core root directory: /home/ubuntu/project_lg1/lg1/solr-4.10.2/example/solr
INFO  - 2015-03-24 20:24:01.626; org.apache.solr.core.CoreContainer; New CoreContainer 1105372483
INFO  - 2015-03-24 20:24:01.626; org.apache.solr.core.CoreContainer; Loading cores into CoreContainer [instanceDir=/home/ubuntu/project_lg1/lg1/solr-4.10.2/example/solr/]
INFO  - 2015-03-24 20:24:01.647; org.apache.solr.handler.component.HttpShardHandlerFactory; Setting socketTimeout to: 0
INFO  - 2015-03-24 20:24:01.647; org.apache.solr.handler.component.HttpShardHandlerFactory; Setting urlScheme to: null
INFO  - 2015-03-24 20:24:01.650; org.apache.solr.handler.component.HttpShardHandlerFactory; Setting connTimeout to: 0
INFO  - 2015-03-24 20:24:01.650; org.apache.solr.handler.component.HttpShardHandlerFactory; Setting maxConnectionsPerHost to: 20
INFO  - 2015-03-24 20:24:01.655; org.apache.solr.handler.component.HttpShardHandlerFactory; Setting corePoolSize to: 0
INFO  - 2015-03-24 20:24:01.655; org.apache.solr.handler.component.HttpShardHandlerFactory; Setting maximumPoolSize to: 2147483647
INFO  - 2015-03-24 20:24:01.655; org.apache.solr.handler.component.HttpShardHandlerFactory; Setting maxThreadIdleTime to: 5
INFO  - 2015-03-24 20:24:01.655; org.apache.solr.handler.component.HttpShardHandlerFactory; Setting sizeOfQueue to: -1
INFO  - 2015-03-24 20:24:01.656; org.apache.solr.handler.component.HttpShardHandlerFactory; Setting fairnessPolicy to: false
INFO  - 2015-03-24 20:24:02.027; org.apache.solr.update.UpdateShardHandler; Creating UpdateShardHandler HTTP client with params: socketTimeout=0&connTimeout=0&retry=false
INFO  - 2015-03-24 20:24:02.029; org.apache.solr.logging.LogWatcher; SLF4J impl is org.slf4j.impl.Log4jLoggerFactory
INFO  - 2015-03-24 20:24:02.029; org.apache.solr.logging.LogWatcher; Registering Log Listener [Log4j (org.slf4j.impl.Log4jLoggerFactory)]
INFO  - 2015-03-24 20:24:02.030; org.apache.solr.core.CoreContainer; Host Name: 
INFO  - 2015-03-24 20:24:02.062; org.apache.solr.core.CorePropertiesLocator; Looking for core definitions underneath /home/ubuntu/project_lg1/lg1/solr-4.10.2/example/solr
INFO  - 2015-03-24 20:24:02.072; org.apache.solr.core.CorePropertiesLocator; Found core collection1 in /home/ubuntu/project_lg1/lg1/solr-4.10.2/example/solr/collection1/
INFO  - 2015-03-24 20:24:02.073; org.apache.solr.core.CorePropertiesLocator; Found 1 core definitions
INFO  - 2015-03-24 20:24:02.075; org.apache.solr.core.SolrResourceLoader; new SolrResourceLoader for directory: '/home/ubuntu/project_lg1/lg1/solr-4.10.2/example/solr/collection1/'
INFO  - 2015-03-24 20:24:02.190; org.apache.solr.core.SolrConfig; Adding specified lib dirs to ClassLoader
INFO  - 2015-03-24 20:24:02.194; org.apache.solr.core.SolrResourceLoader; Adding 'file:/home/ubuntu/project_lg1/lg1/solr-4.10.2/contrib/extraction/lib/apache-mime4j-dom-0.7.2.jar' to classloader
INFO  - 2015-03-24 20:24:02.194; org.apache.solr.core.SolrResourceLoader; Adding 'file:/home/ubuntu/project_lg1/lg1/solr-4.10.2/contrib/extraction/lib/bcmail-jdk15-1.45.jar' to classloader
INFO  - 2015-03-24 20:24:02.195; org.apache.solr.core.SolrResourceLoader; Adding 'file:/home/ubuntu/project_lg1/lg1/solr-4.10.2/contrib/extraction/lib/fontbox-1.8.4.jar' to classloader
INFO  - 2015-03-24 20:24:02.195; org.apache.solr.core.SolrResourceLoader; Adding 'file:/home/ubuntu/project_lg1/lg1/solr-4.10.2/contrib/extraction/lib/juniversalchardet-1.0.3.jar' to classloader
INFO  - 2015-03-24 20:24:02.195; org.apache.solr.core.SolrResourceLoader; Adding 'file:/home/ubuntu/project_lg1/lg1/solr-4.10.2/contrib/extraction/lib/apache-mime4j-core-0.7.2.jar' to classloader
INFO  - 2015-03-24 20:24:02.195; org.apache.solr.core.SolrResourceLoader; Adding 'file:/home/ubuntu/project_lg1/lg1/solr-4.10.2/contrib/extraction/lib/poi-ooxml-3.10.1.jar' to classloader
INFO  - 2015-03-24 20:24:02.202; org.apache.solr.core.SolrResourceLoader; Adding 'file:/home/ubuntu/project_lg1/lg1/solr-4.10.2/contrib/extraction/lib/vorbis-java-core-0.1.jar' to classloader
INFO  - 2015-03-24 20:24:02.202; org.apache.solr.core.SolrResourceLoader; Adding 'file:/home/ubuntu/project_lg1/lg1/solr-4.10.2/contrib/extraction/lib/xz-1.4.jar' to classloader
INFO  - 2015-03-24 20:24:02.202; org.apache.solr.core.SolrResourceLoader; Adding 'file:/home/ubuntu/project_lg1/lg1/solr-4.10.2/contrib/extraction/lib/poi-ooxml-schemas-3.10.1.jar' to classloader
INFO  - 2015-03-24 20:24:02.202; org.apache.solr.core.SolrResourceLoader; Adding 'file:/home/ubuntu/project_lg1/lg1/solr-4.10.2/contrib/extraction/lib/xercesImpl-2.9.1.jar' to classloader
INFO  - 2015-03-24 20:24:02.202; org.apache.solr.core.SolrResourceLoader; Adding 'file:/home/ubuntu/project_lg1/lg1/solr-4.10.2/contrib/extraction/lib/tagsoup-1.2.1.jar' to classloader
INFO  - 2015-03-24 20:24:02.203; org.apache.solr.core.SolrResourceLoader; Adding 'file:/home/ubuntu/project_lg1/lg1/solr-4.10.2/contrib/extraction/lib/icu4j-53.1.jar' to classloader
INFO  - 2015-03-24 20:24:02.203; org.apache.solr.core.SolrResourceLoader; Adding 'file:/home/ubuntu/project_lg1/lg1/solr-4.10.2/contrib/extraction/lib/commons-compress-1.7.jar' to classloader
INFO  - 2015-03-24 20:24:02.203; org.apache.solr.core.SolrResourceLoader; Adding 'file:/home/ubuntu/project_lg1/lg1/solr-4.10.2/contrib/extraction/lib/xmlbeans-2.6.0.jar' to classloader
INFO  - 2015-03-24 20:24:02.203; org.apache.solr.core.SolrResourceLoader; Adding 'file:/home/ubuntu/project_lg1/lg1/solr-4.10.2/contrib/extraction/lib/tika-parsers-1.5.jar' to classloader
INFO  - 2015-03-24 20:24:02.203; org.apache.solr.core.SolrResourceLoader; Adding 'file:/home/ubuntu/project_lg1/lg1/solr-4.10.2/contrib/extraction/lib/jhighlight-1.0.jar' to classloader
INFO  - 2015-03-24 20:24:02.204; org.apache.solr.core.SolrResourceLoader; Adding 'file:/home/ubuntu/project_lg1/lg1/solr-4.10.2/contrib/extraction/lib/tika-core-1.5.jar' to classloader
INFO  - 2015-03-24 20:24:02.204; org.apache.solr.core.SolrResourceLoader; Adding 'file:/home/ubuntu/project_lg1/lg1/solr-4.10.2/contrib/extraction/lib/isoparser-1.0-RC-1.jar' to classloader
INFO  - 2015-03-24 20:24:02.204; org.apache.solr.core.SolrResourceLoader; Adding 'file:/home/ubuntu/project_lg1/lg1/solr-4.10.2/contrib/extraction/lib/rome-0.9.jar' to classloader
INFO  - 2015-03-24 20:24:02.204; org.apache.solr.core.SolrResourceLoader; Adding 'file:/home/ubuntu/project_lg1/lg1/solr-4.10.2/contrib/extraction/lib/boilerpipe-1.1.0.jar' to classloader
INFO  - 2015-03-24 20:24:02.204; org.apache.solr.core.SolrResourceLoader; Adding 'file:/home/ubuntu/project_lg1/lg1/solr-4.10.2/contrib/extraction/lib/poi-3.10.1.jar' to classloader
INFO  - 2015-03-24 20:24:02.205; org.apache.solr.core.SolrResourceLoader; Adding 'file:/home/ubuntu/project_lg1/lg1/solr-4.10.2/contrib/extraction/lib/aspectjrt-1.6.11.jar' to classloader
INFO  - 2015-03-24 20:24:02.205; org.apache.solr.core.SolrResourceLoader; Adding 'file:/home/ubuntu/project_lg1/lg1/solr-4.10.2/contrib/extraction/lib/metadata-extractor-2.6.2.jar' to classloader
INFO  - 2015-03-24 20:24:02.205; org.apache.solr.core.SolrResourceLoader; Adding 'file:/home/ubuntu/project_lg1/lg1/solr-4.10.2/contrib/extraction/lib/xmpcore-5.1.2.jar' to classloader
INFO  - 2015-03-24 20:24:02.205; org.apache.solr.core.SolrResourceLoader; Adding 'file:/home/ubuntu/project_lg1/lg1/solr-4.10.2/contrib/extraction/lib/pdfbox-1.8.4.jar' to classloader
INFO  - 2015-03-24 20:24:02.205; org.apache.solr.core.SolrResourceLoader; Adding 'file:/home/ubuntu/project_lg1/lg1/solr-4.10.2/contrib/extraction/lib/poi-scratchpad-3.10.1.jar' to classloader
INFO  - 2015-03-24 20:24:02.210; org.apache.solr.core.SolrResourceLoader; Adding 'file:/home/ubuntu/project_lg1/lg1/solr-4.10.2/contrib/extraction/lib/jempbox-1.8.4.jar' to classloader
INFO  - 2015-03-24 20:24:02.210; org.apache.solr.core.SolrResourceLoader; Adding 'file:/home/ubuntu/project_lg1/lg1/solr-4.10.2/contrib/extraction/lib/vorbis-java-tika-0.1.jar' to classloader
INFO  - 2015-03-24 20:24:02.210; org.apache.solr.core.SolrResourceLoader; Adding 'file:/home/ubuntu/project_lg1/lg1/solr-4.10.2/contrib/extraction/lib/bcprov-jdk15-1.45.jar' to classloader
INFO  - 2015-03-24 20:24:02.210; org.apache.solr.core.SolrResourceLoader; Adding 'file:/home/ubuntu/project_lg1/lg1/solr-4.10.2/contrib/extraction/lib/dom4j-1.6.1.jar' to classloader
INFO  - 2015-03-24 20:24:02.210; org.apache.solr.core.SolrResourceLoader; Adding 'file:/home/ubuntu/project_lg1/lg1/solr-4.10.2/contrib/extraction/lib/tika-xmp-1.5.jar' to classloader
INFO  - 2015-03-24 20:24:02.211; org.apache.solr.core.SolrResourceLoader; Adding 'file:/home/ubuntu/project_lg1/lg1/solr-4.10.2/contrib/extraction/lib/jdom-1.0.jar' to classloader
INFO  - 2015-03-24 20:24:02.213; org.apache.solr.core.SolrResourceLoader; Adding 'file:/home/ubuntu/project_lg1/lg1/solr-4.10.2/dist/solr-cell-4.10.2.jar' to classloader
INFO  - 2015-03-24 20:24:02.219; org.apache.solr.core.SolrResourceLoader; Adding 'file:/home/ubuntu/project_lg1/lg1/solr-4.10.2/contrib/clustering/lib/hppc-0.5.2.jar' to classloader
INFO  - 2015-03-24 20:24:02.219; org.apache.solr.core.SolrResourceLoader; Adding 'file:/home/ubuntu/project_lg1/lg1/solr-4.10.2/contrib/clustering/lib/mahout-math-0.6.jar' to classloader
INFO  - 2015-03-24 20:24:02.219; org.apache.solr.core.SolrResourceLoader; Adding 'file:/home/ubuntu/project_lg1/lg1/solr-4.10.2/contrib/clustering/lib/jackson-mapper-asl-1.9.13.jar' to classloader
INFO  - 2015-03-24 20:24:02.220; org.apache.solr.core.SolrResourceLoader; Adding 'file:/home/ubuntu/project_lg1/lg1/solr-4.10.2/contrib/clustering/lib/attributes-binder-1.2.1.jar' to classloader
INFO  - 2015-03-24 20:24:02.220; org.apache.solr.core.SolrResourceLoader; Adding 'file:/home/ubuntu/project_lg1/lg1/solr-4.10.2/contrib/clustering/lib/mahout-collections-1.0.jar' to classloader
INFO  - 2015-03-24 20:24:02.220; org.apache.solr.core.SolrResourceLoader; Adding 'file:/home/ubuntu/project_lg1/lg1/solr-4.10.2/contrib/clustering/lib/simple-xml-2.7.jar' to classloader
INFO  - 2015-03-24 20:24:02.220; org.apache.solr.core.SolrResourceLoader; Adding 'file:/home/ubuntu/project_lg1/lg1/solr-4.10.2/contrib/clustering/lib/carrot2-mini-3.9.0.jar' to classloader
INFO  - 2015-03-24 20:24:02.220; org.apache.solr.core.SolrResourceLoader; Adding 'file:/home/ubuntu/project_lg1/lg1/solr-4.10.2/contrib/clustering/lib/jackson-core-asl-1.9.13.jar' to classloader
INFO  - 2015-03-24 20:24:02.221; org.apache.solr.core.SolrResourceLoader; Adding 'file:/home/ubuntu/project_lg1/lg1/solr-4.10.2/dist/solr-clustering-4.10.2.jar' to classloader
INFO  - 2015-03-24 20:24:02.222; org.apache.solr.core.SolrResourceLoader; Adding 'file:/home/ubuntu/project_lg1/lg1/solr-4.10.2/contrib/langid/lib/jsonic-1.2.7.jar' to classloader
INFO  - 2015-03-24 20:24:02.222; org.apache.solr.core.SolrResourceLoader; Adding 'file:/home/ubuntu/project_lg1/lg1/solr-4.10.2/contrib/langid/lib/langdetect-1.1-20120112.jar' to classloader
INFO  - 2015-03-24 20:24:02.223; org.apache.solr.core.SolrResourceLoader; Adding 'file:/home/ubuntu/project_lg1/lg1/solr-4.10.2/dist/solr-langid-4.10.2.jar' to classloader
INFO  - 2015-03-24 20:24:02.224; org.apache.solr.core.SolrResourceLoader; Adding 'file:/home/ubuntu/project_lg1/lg1/solr-4.10.2/contrib/velocity/lib/commons-collections-3.2.1.jar' to classloader
INFO  - 2015-03-24 20:24:02.225; org.apache.solr.core.SolrResourceLoader; Adding 'file:/home/ubuntu/project_lg1/lg1/solr-4.10.2/contrib/velocity/lib/commons-beanutils-1.8.3.jar' to classloader
INFO  - 2015-03-24 20:24:02.225; org.apache.solr.core.SolrResourceLoader; Adding 'file:/home/ubuntu/project_lg1/lg1/solr-4.10.2/contrib/velocity/lib/velocity-tools-2.0.jar' to classloader
INFO  - 2015-03-24 20:24:02.225; org.apache.solr.core.SolrResourceLoader; Adding 'file:/home/ubuntu/project_lg1/lg1/solr-4.10.2/contrib/velocity/lib/velocity-1.7.jar' to classloader
INFO  - 2015-03-24 20:24:02.226; org.apache.solr.core.SolrResourceLoader; Adding 'file:/home/ubuntu/project_lg1/lg1/solr-4.10.2/dist/solr-velocity-4.10.2.jar' to classloader
INFO  - 2015-03-24 20:24:02.835; org.apache.solr.update.SolrIndexConfig; IndexWriter infoStream solr logging is enabled
INFO  - 2015-03-24 20:24:02.842; org.apache.solr.core.SolrConfig; Using Lucene MatchVersion: 4.10.2
INFO  - 2015-03-24 20:24:03.124; org.apache.solr.core.SolrConfig; Loaded SolrConfig: solrconfig.xml
INFO  - 2015-03-24 20:24:03.142; org.apache.solr.schema.IndexSchema; Reading Solr Schema from /home/ubuntu/project_lg1/lg1/solr-4.10.2/example/solr/collection1/conf/schema.xml
INFO  - 2015-03-24 20:24:03.218; org.apache.solr.schema.IndexSchema; [collection1] Schema name=default
WARN  - 2015-03-24 20:24:03.326; org.apache.solr.core.SolrResourceLoader; Solr loaded a deprecated plugin/analysis class [solr.SortableIntField]. Please consult documentation how to replace it accordingly.
WARN  - 2015-03-24 20:24:03.336; org.apache.solr.core.SolrResourceLoader; Solr loaded a deprecated plugin/analysis class [solr.SortableLongField]. Please consult documentation how to replace it accordingly.
WARN  - 2015-03-24 20:24:03.340; org.apache.solr.core.SolrResourceLoader; Solr loaded a deprecated plugin/analysis class [solr.SortableFloatField]. Please consult documentation how to replace it accordingly.
WARN  - 2015-03-24 20:24:03.343; org.apache.solr.core.SolrResourceLoader; Solr loaded a deprecated plugin/analysis class [solr.SortableDoubleField]. Please consult documentation how to replace it accordingly.
INFO  - 2015-03-24 20:24:03.465; org.apache.solr.schema.IndexSchema; default search field in schema is text
INFO  - 2015-03-24 20:24:03.466; org.apache.solr.schema.IndexSchema; query parser default operator is AND
INFO  - 2015-03-24 20:24:03.467; org.apache.solr.schema.IndexSchema; unique key field: id
INFO  - 2015-03-24 20:24:03.633; org.apache.solr.core.CoreContainer; Creating SolrCore 'collection1' using configuration from instancedir /home/ubuntu/project_lg1/lg1/solr-4.10.2/example/solr/collection1/
INFO  - 2015-03-24 20:24:03.649; org.apache.solr.core.SolrCore; solr.NRTCachingDirectoryFactory
INFO  - 2015-03-24 20:24:03.655; org.apache.solr.core.SolrCore; [collection1] Opening new SolrCore at /home/ubuntu/project_lg1/lg1/solr-4.10.2/example/solr/collection1/, dataDir=/home/ubuntu/project_lg1/lg1/solr-4.10.2/example/solr/collection1/data/
INFO  - 2015-03-24 20:24:03.656; org.apache.solr.core.JmxMonitoredMap; JMX monitoring is enabled. Adding Solr mbeans to JMX Server: com.sun.jmx.mbeanserver.JmxMBeanServer@2fbac9d0
INFO  - 2015-03-24 20:24:03.673; org.apache.solr.core.SolrCore; [collection1] Added SolrEventListener for newSearcher: org.apache.solr.core.QuerySenderListener{queries=[]}
INFO  - 2015-03-24 20:24:03.673; org.apache.solr.core.SolrCore; [collection1] Added SolrEventListener for firstSearcher: org.apache.solr.core.QuerySenderListener{queries=[{q=static firstSearcher warming in solrconfig.xml}]}
INFO  - 2015-03-24 20:24:03.685; org.apache.solr.core.CachingDirectoryFactory; return new directory for /home/ubuntu/project_lg1/lg1/solr-4.10.2/example/solr/collection1/data
INFO  - 2015-03-24 20:24:03.691; org.apache.solr.core.SolrCore; New index directory detected: old=null new=/home/ubuntu/project_lg1/lg1/solr-4.10.2/example/solr/collection1/data/index/
INFO  - 2015-03-24 20:24:03.692; org.apache.solr.core.CachingDirectoryFactory; return new directory for /home/ubuntu/project_lg1/lg1/solr-4.10.2/example/solr/collection1/data/index
INFO  - 2015-03-24 20:24:03.705; org.apache.solr.core.SolrCore; created json: solr.JSONResponseWriter
INFO  - 2015-03-24 20:24:03.705; org.apache.solr.core.SolrCore; adding lazy queryResponseWriter: solr.VelocityResponseWriter
INFO  - 2015-03-24 20:24:03.705; org.apache.solr.core.SolrCore; created velocity: solr.VelocityResponseWriter
INFO  - 2015-03-24 20:24:03.708; org.apache.solr.core.SolrCore; created xslt: solr.XSLTResponseWriter
INFO  - 2015-03-24 20:24:03.708; org.apache.solr.response.XSLTResponseWriter; xsltCacheLifetimeSeconds=5
INFO  - 2015-03-24 20:24:03.793; org.apache.solr.core.SolrCore; no updateRequestProcessorChain defined as default, creating implicit default
INFO  - 2015-03-24 20:24:03.801; org.apache.solr.core.RequestHandlers; created /update: org.apache.solr.handler.UpdateRequestHandler
INFO  - 2015-03-24 20:24:03.802; org.apache.solr.core.RequestHandlers; created /update/json: org.apache.solr.handler.UpdateRequestHandler
INFO  - 2015-03-24 20:24:03.803; org.apache.solr.core.RequestHandlers; created /update/csv: org.apache.solr.handler.UpdateRequestHandler
INFO  - 2015-03-24 20:24:03.803; org.apache.solr.core.RequestHandlers; created /update/json/docs: org.apache.solr.handler.UpdateRequestHandler
INFO  - 2015-03-24 20:24:03.809; org.apache.solr.core.RequestHandlers; created /select: solr.SearchHandler
INFO  - 2015-03-24 20:24:03.810; org.apache.solr.core.RequestHandlers; created /query: solr.SearchHandler
INFO  - 2015-03-24 20:24:03.812; org.apache.solr.core.RequestHandlers; created /get: solr.RealTimeGetHandler
INFO  - 2015-03-24 20:24:03.813; org.apache.solr.core.RequestHandlers; created /export: solr.SearchHandler
INFO  - 2015-03-24 20:24:03.818; org.apache.solr.core.RequestHandlers; created /browse: solr.SearchHandler
WARN  - 2015-03-24 20:24:03.820; org.apache.solr.core.RequestHandlers; Multiple requestHandler registered to the same name: /update ignoring: org.apache.solr.handler.UpdateRequestHandler
INFO  - 2015-03-24 20:24:03.820; org.apache.solr.core.RequestHandlers; created /update: solr.UpdateRequestHandler
INFO  - 2015-03-24 20:24:03.820; org.apache.solr.core.RequestHandlers; adding lazy requestHandler: solr.extraction.ExtractingRequestHandler
INFO  - 2015-03-24 20:24:03.821; org.apache.solr.core.RequestHandlers; created /update/extract: solr.extraction.ExtractingRequestHandler
INFO  - 2015-03-24 20:24:03.821; org.apache.solr.core.RequestHandlers; adding lazy requestHandler: solr.FieldAnalysisRequestHandler
INFO  - 2015-03-24 20:24:03.821; org.apache.solr.core.RequestHandlers; created /analysis/field: solr.FieldAnalysisRequestHandler
INFO  - 2015-03-24 20:24:03.821; org.apache.solr.core.RequestHandlers; adding lazy requestHandler: solr.DocumentAnalysisRequestHandler
INFO  - 2015-03-24 20:24:03.821; org.apache.solr.core.RequestHandlers; created /analysis/document: solr.DocumentAnalysisRequestHandler
INFO  - 2015-03-24 20:24:03.831; org.apache.solr.core.RequestHandlers; created /admin/: solr.admin.AdminHandlers
INFO  - 2015-03-24 20:24:03.834; org.apache.solr.core.RequestHandlers; created /admin/ping: solr.PingRequestHandler
INFO  - 2015-03-24 20:24:03.836; org.apache.solr.core.RequestHandlers; created /debug/dump: solr.DumpRequestHandler
INFO  - 2015-03-24 20:24:03.846; org.apache.solr.core.RequestHandlers; created /replication: solr.ReplicationHandler
INFO  - 2015-03-24 20:24:03.846; org.apache.solr.core.RequestHandlers; adding lazy requestHandler: solr.SearchHandler
INFO  - 2015-03-24 20:24:03.847; org.apache.solr.core.RequestHandlers; created /spell: solr.SearchHandler
INFO  - 2015-03-24 20:24:03.847; org.apache.solr.core.RequestHandlers; adding lazy requestHandler: solr.SearchHandler
INFO  - 2015-03-24 20:24:03.847; org.apache.solr.core.RequestHandlers; created /suggest: solr.SearchHandler
INFO  - 2015-03-24 20:24:03.847; org.apache.solr.core.RequestHandlers; adding lazy requestHandler: solr.SearchHandler
INFO  - 2015-03-24 20:24:03.847; org.apache.solr.core.RequestHandlers; created /tvrh: solr.SearchHandler
INFO  - 2015-03-24 20:24:03.847; org.apache.solr.core.RequestHandlers; adding lazy requestHandler: solr.SearchHandler
INFO  - 2015-03-24 20:24:03.848; org.apache.solr.core.RequestHandlers; created /terms: solr.SearchHandler
INFO  - 2015-03-24 20:24:03.848; org.apache.solr.core.RequestHandlers; adding lazy requestHandler: solr.SearchHandler
INFO  - 2015-03-24 20:24:03.848; org.apache.solr.core.RequestHandlers; created /elevate: solr.SearchHandler
INFO  - 2015-03-24 20:24:03.864; org.apache.solr.handler.loader.XMLLoader; xsltCacheLifetimeSeconds=60
INFO  - 2015-03-24 20:24:03.865; org.apache.solr.handler.loader.XMLLoader; xsltCacheLifetimeSeconds=60
INFO  - 2015-03-24 20:24:03.866; org.apache.solr.handler.loader.XMLLoader; xsltCacheLifetimeSeconds=60
INFO  - 2015-03-24 20:24:03.866; org.apache.solr.handler.loader.XMLLoader; xsltCacheLifetimeSeconds=60
INFO  - 2015-03-24 20:24:03.867; org.apache.solr.handler.loader.XMLLoader; xsltCacheLifetimeSeconds=60
INFO  - 2015-03-24 20:24:03.895; org.apache.solr.update.CommitTracker; Hard AutoCommit: if uncommited for 15000ms; 
INFO  - 2015-03-24 20:24:03.896; org.apache.solr.update.CommitTracker; Soft AutoCommit: if uncommited for 3000ms; 
INFO  - 2015-03-24 20:24:03.937; org.apache.solr.core.SolrDeletionPolicy; SolrDeletionPolicy.onInit: commits: num=1
	commit{dir=NRTCachingDirectory(MMapDirectory@/home/ubuntu/project_lg1/lg1/solr-4.10.2/example/solr/collection1/data/index lockFactory=NativeFSLockFactory@/home/ubuntu/project_lg1/lg1/solr-4.10.2/example/solr/collection1/data/index; maxCacheMB=48.0 maxMergeSizeMB=4.0),segFN=segments_i,generation=18}
INFO  - 2015-03-24 20:24:03.937; org.apache.solr.core.SolrDeletionPolicy; newest commit generation = 18
INFO  - 2015-03-24 20:24:03.975; org.apache.solr.search.SolrIndexSearcher; Opening Searcher@4d151931[collection1] main
INFO  - 2015-03-24 20:24:03.981; org.apache.solr.rest.ManagedResourceStorage$FileStorageIO; File-based storage initialized to use dir: /home/ubuntu/project_lg1/lg1/solr-4.10.2/example/solr/collection1/conf
INFO  - 2015-03-24 20:24:03.982; org.apache.solr.rest.RestManager; Initializing RestManager with initArgs: {storageDir=/home/ubuntu/project_lg1/lg1/solr-4.10.2/example/solr/collection1/conf}
INFO  - 2015-03-24 20:24:03.997; org.apache.solr.rest.ManagedResourceStorage; Reading _rest_managed.json using file:dir=/home/ubuntu/project_lg1/lg1/solr-4.10.2/example/solr/collection1/conf
INFO  - 2015-03-24 20:24:04.000; org.apache.solr.rest.ManagedResourceStorage; Loaded LinkedHashMap at path _rest_managed.json using file:dir=/home/ubuntu/project_lg1/lg1/solr-4.10.2/example/solr/collection1/conf
INFO  - 2015-03-24 20:24:04.001; org.apache.solr.rest.ManagedResource; Loaded initArgs {} for /rest/managed
INFO  - 2015-03-24 20:24:04.001; org.apache.solr.rest.RestManager; Initializing 0 registered ManagedResources
INFO  - 2015-03-24 20:24:04.001; org.apache.solr.handler.component.SpellCheckComponent; Initializing spell checkers
INFO  - 2015-03-24 20:24:04.006; org.apache.solr.spelling.DirectSolrSpellChecker; init: {name=default,field=text,classname=solr.DirectSolrSpellChecker,distanceMeasure=internal,accuracy=0.5,maxEdits=2,minPrefix=1,maxInspections=5,minQueryLength=4,maxQueryFrequency=0.01}
INFO  - 2015-03-24 20:24:04.012; org.apache.solr.handler.component.SpellCheckComponent; No queryConverter defined, using default converter
INFO  - 2015-03-24 20:24:04.013; org.apache.solr.handler.component.SuggestComponent; Initializing SuggestComponent
INFO  - 2015-03-24 20:24:04.014; org.apache.solr.spelling.suggest.SolrSuggester; init: {name=mySuggester,lookupImpl=FuzzyLookupFactory,dictionaryImpl=DocumentDictionaryFactory,field=cat,weightField=price,suggestAnalyzerFieldType=string}
INFO  - 2015-03-24 20:24:04.027; org.apache.solr.spelling.suggest.SolrSuggester; Dictionary loaded with params: {name=mySuggester,lookupImpl=FuzzyLookupFactory,dictionaryImpl=DocumentDictionaryFactory,field=cat,weightField=price,suggestAnalyzerFieldType=string}
INFO  - 2015-03-24 20:24:04.028; org.apache.solr.handler.component.QueryElevationComponent; Loading QueryElevation from: /home/ubuntu/project_lg1/lg1/solr-4.10.2/example/solr/collection1/conf/elevate.xml
INFO  - 2015-03-24 20:24:04.057; org.apache.solr.handler.ReplicationHandler; Commits will be reserved for  10000
INFO  - 2015-03-24 20:24:04.058; org.apache.solr.core.QuerySenderListener; QuerySenderListener sending requests to Searcher@4d151931[collection1] main{StandardDirectoryReader(segments_i:42:nrt _9(4.10.2):C20/9:delGen=1 _a(4.10.2):C16)}
INFO  - 2015-03-24 20:24:04.111; org.apache.solr.core.SolrCore; [collection1] webapp=null path=null params={event=firstSearcher&q=static+firstSearcher+warming+in+solrconfig.xml&distrib=false} hits=0 status=0 QTime=52 
INFO  - 2015-03-24 20:24:04.112; org.apache.solr.core.QuerySenderListener; QuerySenderListener done.
INFO  - 2015-03-24 20:24:04.112; org.apache.solr.handler.component.SpellCheckComponent$SpellCheckerListener; Loading spell index for spellchecker: default
INFO  - 2015-03-24 20:24:04.112; org.apache.solr.handler.component.SpellCheckComponent$SpellCheckerListener; Loading spell index for spellchecker: wordbreak
INFO  - 2015-03-24 20:24:04.112; org.apache.solr.handler.component.SuggestComponent$SuggesterListener; Loading suggester index for: mySuggester
INFO  - 2015-03-24 20:24:04.112; org.apache.solr.spelling.suggest.SolrSuggester; reload()
INFO  - 2015-03-24 20:24:04.112; org.apache.solr.spelling.suggest.SolrSuggester; build()
INFO  - 2015-03-24 20:24:04.142; org.apache.solr.core.SolrCore; [collection1] Registered new searcher Searcher@4d151931[collection1] main{StandardDirectoryReader(segments_i:42:nrt _9(4.10.2):C20/9:delGen=1 _a(4.10.2):C16)}
INFO  - 2015-03-24 20:24:04.146; org.apache.solr.core.CoreContainer; registering core: collection1
INFO  - 2015-03-24 20:24:04.154; org.apache.solr.servlet.SolrDispatchFilter; user.dir=/home/ubuntu/project_lg1/lg1/solr-4.10.2/example
INFO  - 2015-03-24 20:24:04.154; org.apache.solr.servlet.SolrDispatchFilter; SolrDispatchFilter.init() done
INFO  - 2015-03-24 20:24:04.214; org.eclipse.jetty.server.AbstractConnector; Started SocketConnector@0.0.0.0:8983
INFO  - 2015-03-24 20:24:15.666; org.apache.solr.search.SolrIndexSearcher; Opening Searcher@7b0e6f6e[collection1] realtime
INFO  - 2015-03-24 20:24:15.668; org.apache.solr.update.DirectUpdateHandler2; start commit{,optimize=false,openSearcher=true,waitSearcher=true,expungeDeletes=false,softCommit=false,prepareCommit=false}
INFO  - 2015-03-24 20:24:15.678; org.apache.solr.core.SolrDeletionPolicy; SolrDeletionPolicy.onCommit: commits: num=2
	commit{dir=NRTCachingDirectory(MMapDirectory@/home/ubuntu/project_lg1/lg1/solr-4.10.2/example/solr/collection1/data/index lockFactory=NativeFSLockFactory@/home/ubuntu/project_lg1/lg1/solr-4.10.2/example/solr/collection1/data/index; maxCacheMB=48.0 maxMergeSizeMB=4.0),segFN=segments_i,generation=18}
	commit{dir=NRTCachingDirectory(MMapDirectory@/home/ubuntu/project_lg1/lg1/solr-4.10.2/example/solr/collection1/data/index lockFactory=NativeFSLockFactory@/home/ubuntu/project_lg1/lg1/solr-4.10.2/example/solr/collection1/data/index; maxCacheMB=48.0 maxMergeSizeMB=4.0),segFN=segments_j,generation=19}
INFO  - 2015-03-24 20:24:15.678; org.apache.solr.core.SolrDeletionPolicy; newest commit generation = 19
INFO  - 2015-03-24 20:24:15.679; org.apache.solr.search.SolrIndexSearcher; Opening Searcher@10e54d0e[collection1] main
INFO  - 2015-03-24 20:24:15.680; org.apache.solr.core.QuerySenderListener; QuerySenderListener sending requests to Searcher@10e54d0e[collection1] main{StandardDirectoryReader(segments_i:44:nrt)}
INFO  - 2015-03-24 20:24:15.680; org.apache.solr.core.QuerySenderListener; QuerySenderListener done.
INFO  - 2015-03-24 20:24:15.683; org.apache.solr.core.SolrCore; [collection1] Registered new searcher Searcher@10e54d0e[collection1] main{StandardDirectoryReader(segments_i:44:nrt)}
INFO  - 2015-03-24 20:24:15.685; org.apache.solr.update.DirectUpdateHandler2; end_commit_flush
INFO  - 2015-03-24 20:24:15.686; org.apache.solr.update.processor.LogUpdateProcessor; [collection1] webapp=/solr path=/update/ params={commit=true} {deleteByQuery=*:* (-1496557714816368640),commit=} 0 78
INFO  - 2015-03-24 20:24:15.693; org.apache.solr.update.DirectUpdateHandler2; start commit{,optimize=true,openSearcher=true,waitSearcher=true,expungeDeletes=false,softCommit=false,prepareCommit=false}
INFO  - 2015-03-24 20:24:15.693; org.apache.solr.update.DirectUpdateHandler2; No uncommitted changes. Skipping IW.commit.
INFO  - 2015-03-24 20:24:15.694; org.apache.solr.core.SolrCore; SolrIndexSearcher has not changed - not re-opening: org.apache.solr.search.SolrIndexSearcher
INFO  - 2015-03-24 20:24:15.694; org.apache.solr.update.DirectUpdateHandler2; end_commit_flush
INFO  - 2015-03-24 20:24:15.694; org.apache.solr.update.DirectUpdateHandler2; start commit{,optimize=false,openSearcher=true,waitSearcher=true,expungeDeletes=false,softCommit=false,prepareCommit=false}
INFO  - 2015-03-24 20:24:15.694; org.apache.solr.update.DirectUpdateHandler2; No uncommitted changes. Skipping IW.commit.
INFO  - 2015-03-24 20:24:15.695; org.apache.solr.core.SolrCore; SolrIndexSearcher has not changed - not re-opening: org.apache.solr.search.SolrIndexSearcher
INFO  - 2015-03-24 20:24:15.695; org.apache.solr.update.DirectUpdateHandler2; end_commit_flush
INFO  - 2015-03-24 20:24:15.695; org.apache.solr.update.processor.LogUpdateProcessor; [collection1] webapp=/solr path=/update/ params={commit=true} {optimize=,commit=} 0 2
INFO  - 2015-03-24 20:24:15.823; org.apache.solr.update.DirectUpdateHandler2; start commit{,optimize=false,openSearcher=true,waitSearcher=true,expungeDeletes=false,softCommit=false,prepareCommit=false}
INFO  - 2015-03-24 20:24:15.872; org.apache.solr.core.SolrDeletionPolicy; SolrDeletionPolicy.onCommit: commits: num=2
	commit{dir=NRTCachingDirectory(MMapDirectory@/home/ubuntu/project_lg1/lg1/solr-4.10.2/example/solr/collection1/data/index lockFactory=NativeFSLockFactory@/home/ubuntu/project_lg1/lg1/solr-4.10.2/example/solr/collection1/data/index; maxCacheMB=48.0 maxMergeSizeMB=4.0),segFN=segments_j,generation=19}
	commit{dir=NRTCachingDirectory(MMapDirectory@/home/ubuntu/project_lg1/lg1/solr-4.10.2/example/solr/collection1/data/index lockFactory=NativeFSLockFactory@/home/ubuntu/project_lg1/lg1/solr-4.10.2/example/solr/collection1/data/index; maxCacheMB=48.0 maxMergeSizeMB=4.0),segFN=segments_k,generation=20}
INFO  - 2015-03-24 20:24:15.873; org.apache.solr.core.SolrDeletionPolicy; newest commit generation = 20
INFO  - 2015-03-24 20:24:15.876; org.apache.solr.search.SolrIndexSearcher; Opening Searcher@78330b87[collection1] main
INFO  - 2015-03-24 20:24:15.877; org.apache.solr.core.QuerySenderListener; QuerySenderListener sending requests to Searcher@78330b87[collection1] main{StandardDirectoryReader(segments_i:46:nrt _b(4.10.2):C15)}
INFO  - 2015-03-24 20:24:15.877; org.apache.solr.core.QuerySenderListener; QuerySenderListener done.
INFO  - 2015-03-24 20:24:15.881; org.apache.solr.core.SolrCore; [collection1] Registered new searcher Searcher@78330b87[collection1] main{StandardDirectoryReader(segments_i:46:nrt _b(4.10.2):C15)}
INFO  - 2015-03-24 20:24:15.881; org.apache.solr.update.DirectUpdateHandler2; end_commit_flush
INFO  - 2015-03-24 20:24:15.881; org.apache.solr.update.processor.LogUpdateProcessor; [collection1] webapp=/solr path=/update/ params={commit=true} {add=[nodes.node.1 (1496557714967363584), nodes.node.2 (1496557714990432256), nodes.node.3 (1496557714991480832), nodes.node.6 (1496557714993577984), nodes.node.7 (1496557714994626560), nodes.node.8 (1496557714995675136), nodes.node.9 (1496557714996723712), nodes.node.10 (1496557714997772288), nodes.node.11 (1496557714998820864), nodes.node.12 (1496557714999869440), ... (15 adds)],commit=} 0 101
INFO  - 2015-03-24 20:52:02.654; org.apache.solr.core.SolrCore; [collection1] webapp=/solr path=/select/ params={fl=*+score&start=0&q=(3.39)&wt=json&fq=django_ct:(nodes.node)&rows=20} hits=1 status=0 QTime=7 
INFO  - 2015-03-24 20:54:45.932; org.apache.solr.core.SolrCore; [collection1] webapp=/solr path=/select/ params={fl=*+score&start=0&q=(3.39)&wt=json&fq=django_ct:(nodes.node)&rows=20} hits=1 status=0 QTime=0 
INFO  - 2015-03-24 20:54:49.236; org.apache.solr.core.SolrCore; [collection1] webapp=/solr path=/select/ params={fl=*+score&start=0&q=(3.39)&wt=json&fq=django_ct:(nodes.node)&rows=20} hits=1 status=0 QTime=0 
INFO  - 2015-03-24 20:55:06.088; org.apache.solr.core.SolrCore; [collection1] webapp=/solr path=/select/ params={fl=*+score&start=0&q=(3.39)&wt=json&fq=django_ct:(nodes.node)&rows=20} hits=1 status=0 QTime=1 
INFO  - 2015-03-24 20:56:05.745; org.apache.solr.core.SolrCore; [collection1] webapp=/solr path=/select/ params={fl=*+score&start=0&q=(3.39)&wt=json&fq=django_ct:(nodes.node)&rows=20} hits=1 status=0 QTime=1 
INFO  - 2015-03-24 20:56:46.492; org.apache.solr.core.SolrCore; [collection1] webapp=/solr path=/select/ params={fl=*+score&start=0&q=(3.39)&wt=json&fq=django_ct:(nodes.node)&rows=20} hits=1 status=0 QTime=1 
INFO  - 2015-03-24 20:59:15.902; org.apache.solr.core.SolrCore; [collection1] webapp=/solr path=/select/ params={fl=*+score&start=0&q=(3.39)&wt=json&fq=django_ct:(nodes.node)&rows=20} hits=1 status=0 QTime=0 
INFO  - 2015-03-24 20:59:27.571; org.apache.solr.core.SolrCore; [collection1] webapp=/solr path=/select/ params={fl=*+score&start=0&q=(3.45)&wt=json&fq=django_ct:(nodes.node)&rows=20} hits=1 status=0 QTime=1 
INFO  - 2015-03-24 20:59:51.089; org.apache.solr.core.SolrCore; [collection1] webapp=/solr path=/select/ params={fl=*+score&start=0&q=(3.39)&wt=json&fq=django_ct:(nodes.node)&rows=20} hits=1 status=0 QTime=1 
INFO  - 2015-03-24 20:59:57.173; org.apache.solr.core.SolrCore; [collection1] webapp=/solr path=/select/ params={fl=*+score&start=0&q=(3.45)&wt=json&fq=django_ct:(nodes.node)&rows=20} hits=1 status=0 QTime=1 
INFO  - 2015-03-24 21:01:12.962; org.apache.solr.core.SolrCore; [collection1] webapp=/solr path=/select/ params={fl=*+score&start=0&q=(3.39)&wt=json&fq=django_ct:(nodes.node)&rows=20} hits=1 status=0 QTime=1 
INFO  - 2015-03-24 21:03:45.827; org.apache.solr.core.SolrCore; [collection1] webapp=/solr path=/select/ params={fl=*+score&start=0&q=(3.39)&wt=json&fq=django_ct:(nodes.node)&rows=20} hits=1 status=0 QTime=1 
INFO  - 2015-03-24 21:06:02.334; org.apache.solr.core.SolrCore; [collection1] webapp=/solr path=/select/ params={fl=*+score&start=0&q=(3.39)&wt=json&fq=django_ct:(nodes.node)&rows=20} hits=1 status=0 QTime=1 
INFO  - 2015-03-24 21:06:56.049; org.apache.solr.core.SolrCore; [collection1] webapp=/solr path=/select/ params={fl=*+score&start=0&q=(3.39)&wt=json&fq=django_ct:(nodes.node)&rows=20} hits=1 status=0 QTime=0 
INFO  - 2015-03-25 21:43:24.893; org.apache.solr.update.DirectUpdateHandler2; start commit{,optimize=false,openSearcher=true,waitSearcher=true,expungeDeletes=false,softCommit=false,prepareCommit=false}
INFO  - 2015-03-25 21:43:24.944; org.apache.solr.core.SolrDeletionPolicy; SolrDeletionPolicy.onCommit: commits: num=2
	commit{dir=NRTCachingDirectory(MMapDirectory@/home/ubuntu/project_lg1/lg1/solr-4.10.2/example/solr/collection1/data/index lockFactory=NativeFSLockFactory@/home/ubuntu/project_lg1/lg1/solr-4.10.2/example/solr/collection1/data/index; maxCacheMB=48.0 maxMergeSizeMB=4.0),segFN=segments_k,generation=20}
	commit{dir=NRTCachingDirectory(MMapDirectory@/home/ubuntu/project_lg1/lg1/solr-4.10.2/example/solr/collection1/data/index lockFactory=NativeFSLockFactory@/home/ubuntu/project_lg1/lg1/solr-4.10.2/example/solr/collection1/data/index; maxCacheMB=48.0 maxMergeSizeMB=4.0),segFN=segments_l,generation=21}
INFO  - 2015-03-25 21:43:24.945; org.apache.solr.core.SolrDeletionPolicy; newest commit generation = 21
INFO  - 2015-03-25 21:43:24.949; org.apache.solr.search.SolrIndexSearcher; Opening Searcher@4caabc8c[collection1] main
INFO  - 2015-03-25 21:43:24.950; org.apache.solr.core.QuerySenderListener; QuerySenderListener sending requests to Searcher@4caabc8c[collection1] main{StandardDirectoryReader(segments_i:49:nrt _b(4.10.2):C15/10:delGen=1 _c(4.10.2):C17)}
INFO  - 2015-03-25 21:43:24.950; org.apache.solr.core.QuerySenderListener; QuerySenderListener done.
INFO  - 2015-03-25 21:43:24.955; org.apache.solr.update.DirectUpdateHandler2; end_commit_flush
INFO  - 2015-03-25 21:43:24.956; org.apache.solr.core.SolrCore; [collection1] Registered new searcher Searcher@4caabc8c[collection1] main{StandardDirectoryReader(segments_i:49:nrt _b(4.10.2):C15/10:delGen=1 _c(4.10.2):C17)}
INFO  - 2015-03-25 21:43:24.957; org.apache.solr.update.processor.LogUpdateProcessor; [collection1] webapp=/solr path=/update/ params={commit=true} {add=[nodes.node.1 (1496653291678859264), nodes.node.6 (1496653291682004992), nodes.node.7 (1496653291684102144), nodes.node.9 (1496653291685150720), nodes.node.10 (1496653291688296448), nodes.node.13 (1496653291689345024), nodes.node.14 (1496653291698782208), nodes.node.15 (1496653291700879360), nodes.node.16 (1496653291707170816), nodes.node.17 (1496653291715559424), ... (17 adds)],commit=} 0 119
