2015-03-24T20:23:58.839+0000: 0.576: Total time for which application threads were stopped: 0.0001030 seconds
2015-03-24T20:23:58.882+0000: 0.619: Total time for which application threads were stopped: 0.0000460 seconds
2015-03-24T20:23:59.151+0000: 0.888: Total time for which application threads were stopped: 0.0001740 seconds
2015-03-24T20:23:59.524+0000: 1.260: Total time for which application threads were stopped: 0.0000790 seconds
2015-03-24T20:23:59.526+0000: 1.263: Total time for which application threads were stopped: 0.0000340 seconds
2015-03-24T20:24:00.527+0000: 2.263: Total time for which application threads were stopped: 0.0001300 seconds
2015-03-24T20:24:01.182+0000: 2.919: Total time for which application threads were stopped: 0.0048300 seconds
2015-03-24T20:24:01.972+0000: 3.709: Total time for which application threads were stopped: 0.0001430 seconds
2015-03-24T20:24:02.075+0000: 3.811: Total time for which application threads were stopped: 0.0000660 seconds
2015-03-24T20:24:02.075+0000: 3.812: Total time for which application threads were stopped: 0.0000330 seconds
2015-03-24T20:24:02.075+0000: 3.812: Total time for which application threads were stopped: 0.0000290 seconds
2015-03-24T20:24:02.076+0000: 3.812: Total time for which application threads were stopped: 0.0000280 seconds
2015-03-24T20:24:02.076+0000: 3.812: Total time for which application threads were stopped: 0.0000270 seconds
2015-03-24T20:24:02.076+0000: 3.812: Total time for which application threads were stopped: 0.0000270 seconds
2015-03-24T20:24:02.076+0000: 3.812: Total time for which application threads were stopped: 0.0000290 seconds
2015-03-24T20:24:02.076+0000: 3.812: Total time for which application threads were stopped: 0.0000310 seconds
2015-03-24T20:24:02.076+0000: 3.812: Total time for which application threads were stopped: 0.0000470 seconds
2015-03-24T20:24:02.076+0000: 3.813: Total time for which application threads were stopped: 0.0000270 seconds
2015-03-24T20:24:02.076+0000: 3.813: Total time for which application threads were stopped: 0.0000280 seconds
2015-03-24T20:24:02.076+0000: 3.813: Total time for which application threads were stopped: 0.0000270 seconds
2015-03-24T20:24:02.076+0000: 3.813: Total time for which application threads were stopped: 0.0000280 seconds
2015-03-24T20:24:02.076+0000: 3.813: Total time for which application threads were stopped: 0.0000280 seconds
2015-03-24T20:24:02.076+0000: 3.813: Total time for which application threads were stopped: 0.0000300 seconds
2015-03-24T20:24:02.077+0000: 3.813: Total time for which application threads were stopped: 0.0000310 seconds
2015-03-24T20:24:02.077+0000: 3.813: Total time for which application threads were stopped: 0.0000280 seconds
2015-03-24T20:24:02.077+0000: 3.813: Total time for which application threads were stopped: 0.0000280 seconds
2015-03-24T20:24:02.077+0000: 3.813: Total time for which application threads were stopped: 0.0000280 seconds
2015-03-24T20:24:02.077+0000: 3.813: Total time for which application threads were stopped: 0.0000280 seconds
2015-03-24T20:24:02.077+0000: 3.813: Total time for which application threads were stopped: 0.0000300 seconds
2015-03-24T20:24:02.077+0000: 3.813: Total time for which application threads were stopped: 0.0000410 seconds
2015-03-24T20:24:02.077+0000: 3.814: Total time for which application threads were stopped: 0.0000270 seconds
2015-03-24T20:24:02.077+0000: 3.814: Total time for which application threads were stopped: 0.0000270 seconds
2015-03-24T20:24:02.077+0000: 3.814: Total time for which application threads were stopped: 0.0000270 seconds
2015-03-24T20:24:02.077+0000: 3.814: Total time for which application threads were stopped: 0.0000270 seconds
2015-03-24T20:24:02.077+0000: 3.814: Total time for which application threads were stopped: 0.0000270 seconds
2015-03-24T20:24:02.077+0000: 3.814: Total time for which application threads were stopped: 0.0000260 seconds
2015-03-24T20:24:02.077+0000: 3.814: Total time for which application threads were stopped: 0.0000280 seconds
2015-03-24T20:24:02.077+0000: 3.814: Total time for which application threads were stopped: 0.0000470 seconds
2015-03-24T20:24:02.077+0000: 3.814: Total time for which application threads were stopped: 0.0000280 seconds
2015-03-24T20:24:02.077+0000: 3.814: Total time for which application threads were stopped: 0.0000450 seconds
2015-03-24T20:24:02.077+0000: 3.814: Total time for which application threads were stopped: 0.0000280 seconds
2015-03-24T20:24:02.078+0000: 3.814: Total time for which application threads were stopped: 0.0000280 seconds
2015-03-24T20:24:02.078+0000: 3.814: Total time for which application threads were stopped: 0.0000290 seconds
2015-03-24T20:24:02.078+0000: 3.814: Total time for which application threads were stopped: 0.0000800 seconds
2015-03-24T20:24:02.078+0000: 3.814: Total time for which application threads were stopped: 0.0000290 seconds
2015-03-24T20:24:02.078+0000: 3.815: Total time for which application threads were stopped: 0.0000310 seconds
2015-03-24T20:24:02.078+0000: 3.815: Total time for which application threads were stopped: 0.0000270 seconds
2015-03-24T20:24:02.078+0000: 3.815: Total time for which application threads were stopped: 0.0000270 seconds
2015-03-24T20:24:02.078+0000: 3.815: Total time for which application threads were stopped: 0.0000300 seconds
2015-03-24T20:24:02.078+0000: 3.815: Total time for which application threads were stopped: 0.0000440 seconds
2015-03-24T20:24:02.078+0000: 3.815: Total time for which application threads were stopped: 0.0000320 seconds
2015-03-24T20:24:02.078+0000: 3.815: Total time for which application threads were stopped: 0.0000280 seconds
2015-03-24T20:24:02.079+0000: 3.815: Total time for which application threads were stopped: 0.0000280 seconds
2015-03-24T20:24:02.079+0000: 3.815: Total time for which application threads were stopped: 0.0000320 seconds
2015-03-24T20:24:02.079+0000: 3.815: Total time for which application threads were stopped: 0.0000310 seconds
2015-03-24T20:24:02.079+0000: 3.815: Total time for which application threads were stopped: 0.0000310 seconds
2015-03-24T20:24:02.079+0000: 3.816: Total time for which application threads were stopped: 0.0000310 seconds
2015-03-24T20:24:02.079+0000: 3.816: Total time for which application threads were stopped: 0.0000310 seconds
2015-03-24T20:24:02.079+0000: 3.816: Total time for which application threads were stopped: 0.0000310 seconds
2015-03-24T20:24:02.079+0000: 3.816: Total time for which application threads were stopped: 0.0000310 seconds
2015-03-24T20:24:02.079+0000: 3.816: Total time for which application threads were stopped: 0.0000310 seconds
2015-03-24T20:24:02.079+0000: 3.816: Total time for which application threads were stopped: 0.0000320 seconds
2015-03-24T20:24:02.080+0000: 3.816: Total time for which application threads were stopped: 0.0000310 seconds
2015-03-24T20:24:02.080+0000: 3.816: Total time for which application threads were stopped: 0.0000300 seconds
2015-03-24T20:24:02.080+0000: 3.816: Total time for which application threads were stopped: 0.0000280 seconds
2015-03-24T20:24:02.080+0000: 3.816: Total time for which application threads were stopped: 0.0000290 seconds
2015-03-24T20:24:02.080+0000: 3.817: Total time for which application threads were stopped: 0.0000330 seconds
2015-03-24T20:24:02.080+0000: 3.817: Total time for which application threads were stopped: 0.0000300 seconds
2015-03-24T20:24:02.080+0000: 3.817: Total time for which application threads were stopped: 0.0000300 seconds
2015-03-24T20:24:02.080+0000: 3.817: Total time for which application threads were stopped: 0.0000300 seconds
2015-03-24T20:24:02.081+0000: 3.817: Total time for which application threads were stopped: 0.0000620 seconds
2015-03-24T20:24:02.081+0000: 3.817: Total time for which application threads were stopped: 0.0000310 seconds
2015-03-24T20:24:02.082+0000: 3.818: Total time for which application threads were stopped: 0.0000340 seconds
2015-03-24T20:24:02.082+0000: 3.819: Total time for which application threads were stopped: 0.0000310 seconds
2015-03-24T20:24:02.082+0000: 3.819: Total time for which application threads were stopped: 0.0000280 seconds
2015-03-24T20:24:02.082+0000: 3.819: Total time for which application threads were stopped: 0.0000290 seconds
2015-03-24T20:24:02.083+0000: 3.819: Total time for which application threads were stopped: 0.0000380 seconds
2015-03-24T20:24:02.083+0000: 3.819: Total time for which application threads were stopped: 0.0000280 seconds
2015-03-24T20:24:02.083+0000: 3.819: Total time for which application threads were stopped: 0.0000280 seconds
2015-03-24T20:24:02.083+0000: 3.819: Total time for which application threads were stopped: 0.0000350 seconds
2015-03-24T20:24:02.090+0000: 3.826: Total time for which application threads were stopped: 0.0000390 seconds
2015-03-24T20:24:02.090+0000: 3.826: Total time for which application threads were stopped: 0.0000290 seconds
2015-03-24T20:24:02.090+0000: 3.827: Total time for which application threads were stopped: 0.0000280 seconds
2015-03-24T20:24:02.090+0000: 3.827: Total time for which application threads were stopped: 0.0000340 seconds
2015-03-24T20:24:02.091+0000: 3.828: Total time for which application threads were stopped: 0.0000350 seconds
2015-03-24T20:24:02.092+0000: 3.828: Total time for which application threads were stopped: 0.0000300 seconds
2015-03-24T20:24:02.092+0000: 3.828: Total time for which application threads were stopped: 0.0000280 seconds
2015-03-24T20:24:02.092+0000: 3.828: Total time for which application threads were stopped: 0.0000280 seconds
2015-03-24T20:24:02.092+0000: 3.828: Total time for which application threads were stopped: 0.0000310 seconds
2015-03-24T20:24:02.092+0000: 3.828: Total time for which application threads were stopped: 0.0000280 seconds
2015-03-24T20:24:02.092+0000: 3.829: Total time for which application threads were stopped: 0.0000290 seconds
2015-03-24T20:24:02.092+0000: 3.829: Total time for which application threads were stopped: 0.0000340 seconds
2015-03-24T20:24:02.093+0000: 3.830: Total time for which application threads were stopped: 0.0000350 seconds
2015-03-24T20:24:02.093+0000: 3.830: Total time for which application threads were stopped: 0.0000300 seconds
2015-03-24T20:24:02.093+0000: 3.830: Total time for which application threads were stopped: 0.0000280 seconds
2015-03-24T20:24:02.093+0000: 3.830: Total time for which application threads were stopped: 0.0000280 seconds
2015-03-24T20:24:02.093+0000: 3.830: Total time for which application threads were stopped: 0.0000280 seconds
2015-03-24T20:24:02.093+0000: 3.830: Total time for which application threads were stopped: 0.0000360 seconds
2015-03-24T20:24:02.094+0000: 3.831: Total time for which application threads were stopped: 0.0000350 seconds
2015-03-24T20:24:02.134+0000: 3.870: Total time for which application threads were stopped: 0.0000550 seconds
2015-03-24T20:24:02.134+0000: 3.871: Total time for which application threads were stopped: 0.0000350 seconds
2015-03-24T20:24:02.134+0000: 3.871: Total time for which application threads were stopped: 0.0000350 seconds
2015-03-24T20:24:02.134+0000: 3.871: Total time for which application threads were stopped: 0.0000310 seconds
2015-03-24T20:24:02.134+0000: 3.871: Total time for which application threads were stopped: 0.0000280 seconds
2015-03-24T20:24:02.174+0000: 3.910: Total time for which application threads were stopped: 0.0000790 seconds
2015-03-24T20:24:02.333+0000: 4.070: Total time for which application threads were stopped: 0.0001130 seconds
2015-03-24T20:24:02.571+0000: 4.308: Total time for which application threads were stopped: 0.0000910 seconds
2015-03-24T20:24:02.571+0000: 4.308: Total time for which application threads were stopped: 0.0000270 seconds
2015-03-24T20:24:02.571+0000: 4.308: Total time for which application threads were stopped: 0.0000260 seconds
2015-03-24T20:24:02.572+0000: 4.308: Total time for which application threads were stopped: 0.0000290 seconds
{Heap before GC invocations=0 (full 0):
 par new generation   total 109248K, used 87424K [0x00000000d0000000, 0x00000000d8000000, 0x00000000d8000000)
  eden space 87424K, 100% used [0x00000000d0000000, 0x00000000d5560000, 0x00000000d5560000)
  from space 21824K,   0% used [0x00000000d5560000, 0x00000000d5560000, 0x00000000d6ab0000)
  to   space 21824K,   0% used [0x00000000d6ab0000, 0x00000000d6ab0000, 0x00000000d8000000)
 concurrent mark-sweep generation total 393216K, used 0K [0x00000000d8000000, 0x00000000f0000000, 0x00000000f0000000)
 concurrent-mark-sweep perm gen total 262144K, used 19574K [0x00000000f0000000, 0x0000000100000000, 0x0000000100000000)
2015-03-24T20:24:02.607+0000: 4.344: [GC2015-03-24T20:24:02.607+0000: 4.344: [ParNew
Desired survivor size 20112992 bytes, new threshold 8 (max 8)
- age   1:   13615920 bytes,   13615920 total
: 87424K->13422K(109248K), 0.0462660 secs] 87424K->13422K(502464K), 0.0463260 secs] [Times: user=0.05 sys=0.00, real=0.05 secs] 
Heap after GC invocations=1 (full 0):
 par new generation   total 109248K, used 13422K [0x00000000d0000000, 0x00000000d8000000, 0x00000000d8000000)
  eden space 87424K,   0% used [0x00000000d0000000, 0x00000000d0000000, 0x00000000d5560000)
  from space 21824K,  61% used [0x00000000d6ab0000, 0x00000000d77cba98, 0x00000000d8000000)
  to   space 21824K,   0% used [0x00000000d5560000, 0x00000000d5560000, 0x00000000d6ab0000)
 concurrent mark-sweep generation total 393216K, used 0K [0x00000000d8000000, 0x00000000f0000000, 0x00000000f0000000)
 concurrent-mark-sweep perm gen total 262144K, used 19574K [0x00000000f0000000, 0x0000000100000000, 0x0000000100000000)
}
2015-03-24T20:24:02.654+0000: 4.390: Total time for which application threads were stopped: 0.0464690 seconds
2015-03-24T20:24:02.671+0000: 4.407: Total time for which application threads were stopped: 0.0029660 seconds
2015-03-24T20:24:02.671+0000: 4.407: Total time for which application threads were stopped: 0.0000140 seconds
2015-03-24T20:24:02.671+0000: 4.407: Total time for which application threads were stopped: 0.0000120 seconds
2015-03-24T20:24:02.674+0000: 4.410: Total time for which application threads were stopped: 0.0000660 seconds
2015-03-24T20:24:02.674+0000: 4.410: Total time for which application threads were stopped: 0.0000180 seconds
2015-03-24T20:24:02.674+0000: 4.410: Total time for which application threads were stopped: 0.0000130 seconds
2015-03-24T20:24:02.674+0000: 4.410: Total time for which application threads were stopped: 0.0000120 seconds
2015-03-24T20:24:02.674+0000: 4.410: Total time for which application threads were stopped: 0.0000120 seconds
2015-03-24T20:24:02.674+0000: 4.410: Total time for which application threads were stopped: 0.0000130 seconds
2015-03-24T20:24:02.674+0000: 4.410: Total time for which application threads were stopped: 0.0000120 seconds
2015-03-24T20:24:02.674+0000: 4.410: Total time for which application threads were stopped: 0.0000120 seconds
2015-03-24T20:24:02.674+0000: 4.411: Total time for which application threads were stopped: 0.0000310 seconds
2015-03-24T20:24:02.674+0000: 4.411: Total time for which application threads were stopped: 0.0000120 seconds
2015-03-24T20:24:02.674+0000: 4.411: Total time for which application threads were stopped: 0.0000110 seconds
2015-03-24T20:24:02.674+0000: 4.411: Total time for which application threads were stopped: 0.0000110 seconds
2015-03-24T20:24:02.674+0000: 4.411: Total time for which application threads were stopped: 0.0000120 seconds
2015-03-24T20:24:02.674+0000: 4.411: Total time for which application threads were stopped: 0.0000120 seconds
2015-03-24T20:24:02.674+0000: 4.411: Total time for which application threads were stopped: 0.0000110 seconds
2015-03-24T20:24:02.674+0000: 4.411: Total time for which application threads were stopped: 0.0000110 seconds
2015-03-24T20:24:02.674+0000: 4.411: Total time for which application threads were stopped: 0.0000950 seconds
2015-03-24T20:24:02.674+0000: 4.411: Total time for which application threads were stopped: 0.0000250 seconds
2015-03-24T20:24:02.674+0000: 4.411: Total time for which application threads were stopped: 0.0000220 seconds
2015-03-24T20:24:02.675+0000: 4.411: Total time for which application threads were stopped: 0.0000220 seconds
2015-03-24T20:24:02.675+0000: 4.411: Total time for which application threads were stopped: 0.0000220 seconds
2015-03-24T20:24:02.675+0000: 4.411: Total time for which application threads were stopped: 0.0000220 seconds
2015-03-24T20:24:02.675+0000: 4.411: Total time for which application threads were stopped: 0.0000220 seconds
2015-03-24T20:24:02.675+0000: 4.411: Total time for which application threads were stopped: 0.0000220 seconds
2015-03-24T20:24:02.675+0000: 4.411: Total time for which application threads were stopped: 0.0000210 seconds
2015-03-24T20:24:02.675+0000: 4.411: Total time for which application threads were stopped: 0.0000210 seconds
2015-03-24T20:24:02.675+0000: 4.411: Total time for which application threads were stopped: 0.0000210 seconds
2015-03-24T20:24:02.675+0000: 4.411: Total time for which application threads were stopped: 0.0000520 seconds
2015-03-24T20:24:02.675+0000: 4.412: Total time for which application threads were stopped: 0.0000220 seconds
2015-03-24T20:24:02.675+0000: 4.412: Total time for which application threads were stopped: 0.0000460 seconds
2015-03-24T20:24:02.682+0000: 4.419: Total time for which application threads were stopped: 0.0046660 seconds
2015-03-24T20:24:02.683+0000: 4.419: Total time for which application threads were stopped: 0.0000370 seconds
2015-03-24T20:24:02.683+0000: 4.420: Total time for which application threads were stopped: 0.0000230 seconds
2015-03-24T20:24:02.685+0000: 4.422: Total time for which application threads were stopped: 0.0000710 seconds
2015-03-24T20:24:02.685+0000: 4.422: Total time for which application threads were stopped: 0.0000250 seconds
2015-03-24T20:24:02.734+0000: 4.470: Total time for which application threads were stopped: 0.0000630 seconds
2015-03-24T20:24:03.110+0000: 4.846: Total time for which application threads were stopped: 0.0001500 seconds
2015-03-24T20:24:03.110+0000: 4.846: Total time for which application threads were stopped: 0.0000320 seconds
2015-03-24T20:24:03.110+0000: 4.846: Total time for which application threads were stopped: 0.0000320 seconds
2015-03-24T20:24:03.122+0000: 4.858: Total time for which application threads were stopped: 0.0000440 seconds
2015-03-24T20:24:03.122+0000: 4.859: Total time for which application threads were stopped: 0.0000330 seconds
2015-03-24T20:24:03.122+0000: 4.859: Total time for which application threads were stopped: 0.0000270 seconds
2015-03-24T20:24:03.122+0000: 4.859: Total time for which application threads were stopped: 0.0000320 seconds
2015-03-24T20:24:03.224+0000: 4.961: Total time for which application threads were stopped: 0.0000600 seconds
2015-03-24T20:24:03.224+0000: 4.961: Total time for which application threads were stopped: 0.0000310 seconds
2015-03-24T20:24:03.225+0000: 4.961: Total time for which application threads were stopped: 0.0000310 seconds
2015-03-24T20:24:03.230+0000: 4.966: Total time for which application threads were stopped: 0.0000450 seconds
2015-03-24T20:24:03.230+0000: 4.966: Total time for which application threads were stopped: 0.0000350 seconds
2015-03-24T20:24:03.238+0000: 4.975: Total time for which application threads were stopped: 0.0000410 seconds
2015-03-24T20:24:03.238+0000: 4.975: Total time for which application threads were stopped: 0.0000310 seconds
2015-03-24T20:24:03.238+0000: 4.975: Total time for which application threads were stopped: 0.0000330 seconds
2015-03-24T20:24:03.254+0000: 4.990: Total time for which application threads were stopped: 0.0000520 seconds
2015-03-24T20:24:03.254+0000: 4.991: Total time for which application threads were stopped: 0.0000290 seconds
2015-03-24T20:24:03.258+0000: 4.994: Total time for which application threads were stopped: 0.0000510 seconds
2015-03-24T20:24:03.262+0000: 4.998: Total time for which application threads were stopped: 0.0000350 seconds
2015-03-24T20:24:03.262+0000: 4.999: Total time for which application threads were stopped: 0.0000330 seconds
{Heap before GC invocations=1 (full 0):
 par new generation   total 109248K, used 100846K [0x00000000d0000000, 0x00000000d8000000, 0x00000000d8000000)
  eden space 87424K, 100% used [0x00000000d0000000, 0x00000000d5560000, 0x00000000d5560000)
  from space 21824K,  61% used [0x00000000d6ab0000, 0x00000000d77cba98, 0x00000000d8000000)
  to   space 21824K,   0% used [0x00000000d5560000, 0x00000000d5560000, 0x00000000d6ab0000)
 concurrent mark-sweep generation total 393216K, used 0K [0x00000000d8000000, 0x00000000f0000000, 0x00000000f0000000)
 concurrent-mark-sweep perm gen total 262144K, used 20976K [0x00000000f0000000, 0x0000000100000000, 0x0000000100000000)
2015-03-24T20:24:03.413+0000: 5.150: [GC2015-03-24T20:24:03.413+0000: 5.150: [ParNew
Desired survivor size 20112992 bytes, new threshold 8 (max 8)
- age   1:    1964984 bytes,    1964984 total
- age   2:    6271208 bytes,    8236192 total
: 100846K->12771K(109248K), 0.0329020 secs] 100846K->12771K(502464K), 0.0330070 secs] [Times: user=0.03 sys=0.00, real=0.03 secs] 
Heap after GC invocations=2 (full 0):
 par new generation   total 109248K, used 12771K [0x00000000d0000000, 0x00000000d8000000, 0x00000000d8000000)
  eden space 87424K,   0% used [0x00000000d0000000, 0x00000000d0000000, 0x00000000d5560000)
  from space 21824K,  58% used [0x00000000d5560000, 0x00000000d61d8d20, 0x00000000d6ab0000)
  to   space 21824K,   0% used [0x00000000d6ab0000, 0x00000000d6ab0000, 0x00000000d8000000)
 concurrent mark-sweep generation total 393216K, used 0K [0x00000000d8000000, 0x00000000f0000000, 0x00000000f0000000)
 concurrent-mark-sweep perm gen total 262144K, used 20976K [0x00000000f0000000, 0x0000000100000000, 0x0000000100000000)
}
2015-03-24T20:24:03.446+0000: 5.183: Total time for which application threads were stopped: 0.0331910 seconds
2015-03-24T20:24:03.453+0000: 5.189: Total time for which application threads were stopped: 0.0023550 seconds
2015-03-24T20:24:03.453+0000: 5.189: Total time for which application threads were stopped: 0.0000130 seconds
2015-03-24T20:24:03.453+0000: 5.190: Total time for which application threads were stopped: 0.0000120 seconds
2015-03-24T20:24:03.453+0000: 5.190: Total time for which application threads were stopped: 0.0000120 seconds
2015-03-24T20:24:03.453+0000: 5.190: Total time for which application threads were stopped: 0.0000120 seconds
2015-03-24T20:24:03.453+0000: 5.190: Total time for which application threads were stopped: 0.0000130 seconds
2015-03-24T20:24:03.453+0000: 5.190: Total time for which application threads were stopped: 0.0000120 seconds
2015-03-24T20:24:03.453+0000: 5.190: Total time for which application threads were stopped: 0.0000120 seconds
2015-03-24T20:24:03.453+0000: 5.190: Total time for which application threads were stopped: 0.0000260 seconds
2015-03-24T20:24:03.453+0000: 5.190: Total time for which application threads were stopped: 0.0000120 seconds
2015-03-24T20:24:03.453+0000: 5.190: Total time for which application threads were stopped: 0.0000110 seconds
2015-03-24T20:24:03.453+0000: 5.190: Total time for which application threads were stopped: 0.0000120 seconds
2015-03-24T20:24:03.453+0000: 5.190: Total time for which application threads were stopped: 0.0000110 seconds
2015-03-24T20:24:03.453+0000: 5.190: Total time for which application threads were stopped: 0.0000110 seconds
2015-03-24T20:24:03.453+0000: 5.190: Total time for which application threads were stopped: 0.0000110 seconds
2015-03-24T20:24:03.453+0000: 5.190: Total time for which application threads were stopped: 0.0000120 seconds
2015-03-24T20:24:03.453+0000: 5.190: Total time for which application threads were stopped: 0.0000260 seconds
2015-03-24T20:24:03.453+0000: 5.190: Total time for which application threads were stopped: 0.0000120 seconds
2015-03-24T20:24:03.453+0000: 5.190: Total time for which application threads were stopped: 0.0000120 seconds
2015-03-24T20:24:03.454+0000: 5.190: Total time for which application threads were stopped: 0.0000870 seconds
2015-03-24T20:24:03.464+0000: 5.201: Total time for which application threads were stopped: 0.0000370 seconds
2015-03-24T20:24:03.580+0000: 5.317: Total time for which application threads were stopped: 0.0001540 seconds
2015-03-24T20:24:03.634+0000: 5.370: Total time for which application threads were stopped: 0.0001170 seconds
2015-03-24T20:24:03.740+0000: 5.477: Total time for which application threads were stopped: 0.0000790 seconds
2015-03-24T20:24:03.740+0000: 5.477: Total time for which application threads were stopped: 0.0000310 seconds
2015-03-24T20:24:03.741+0000: 5.478: Total time for which application threads were stopped: 0.0000340 seconds
2015-03-24T20:24:03.751+0000: 5.487: Total time for which application threads were stopped: 0.0000380 seconds
2015-03-24T20:24:03.751+0000: 5.487: Total time for which application threads were stopped: 0.0000300 seconds
2015-03-24T20:24:03.751+0000: 5.488: Total time for which application threads were stopped: 0.0000300 seconds
2015-03-24T20:24:03.757+0000: 5.494: Total time for which application threads were stopped: 0.0000360 seconds
2015-03-24T20:24:03.757+0000: 5.494: Total time for which application threads were stopped: 0.0000610 seconds
2015-03-24T20:24:03.799+0000: 5.535: Total time for which application threads were stopped: 0.0000380 seconds
2015-03-24T20:24:03.852+0000: 5.589: Total time for which application threads were stopped: 0.0000490 seconds
2015-03-24T20:24:03.853+0000: 5.589: Total time for which application threads were stopped: 0.0000480 seconds
2015-03-24T20:24:03.853+0000: 5.589: Total time for which application threads were stopped: 0.0000310 seconds
2015-03-24T20:24:03.853+0000: 5.590: Total time for which application threads were stopped: 0.0000320 seconds
2015-03-24T20:24:03.882+0000: 5.618: Total time for which application threads were stopped: 0.0000490 seconds
2015-03-24T20:24:03.882+0000: 5.619: Total time for which application threads were stopped: 0.0000280 seconds
2015-03-24T20:24:03.882+0000: 5.619: Total time for which application threads were stopped: 0.0000290 seconds
2015-03-24T20:24:03.979+0000: 5.716: Total time for which application threads were stopped: 0.0001040 seconds
2015-03-24T20:24:03.980+0000: 5.716: Total time for which application threads were stopped: 0.0000280 seconds
2015-03-24T20:24:03.980+0000: 5.716: Total time for which application threads were stopped: 0.0000320 seconds
2015-03-24T20:24:04.037+0000: 5.773: Total time for which application threads were stopped: 0.0000460 seconds
2015-03-24T20:24:04.037+0000: 5.773: Total time for which application threads were stopped: 0.0001020 seconds
2015-03-24T20:24:04.037+0000: 5.774: Total time for which application threads were stopped: 0.0000370 seconds
2015-03-24T20:24:04.048+0000: 5.785: Total time for which application threads were stopped: 0.0000460 seconds
2015-03-24T20:24:04.058+0000: 5.794: Total time for which application threads were stopped: 0.0000400 seconds
2015-03-24T20:24:04.058+0000: 5.795: Total time for which application threads were stopped: 0.0000180 seconds
2015-03-24T20:24:04.086+0000: 5.823: Total time for which application threads were stopped: 0.0000340 seconds
2015-03-24T20:24:04.094+0000: 5.831: Total time for which application threads were stopped: 0.0000430 seconds
2015-03-24T20:24:04.095+0000: 5.831: Total time for which application threads were stopped: 0.0000270 seconds
2015-03-24T20:24:04.111+0000: 5.847: Total time for which application threads were stopped: 0.0000280 seconds
2015-03-24T20:24:04.112+0000: 5.848: Total time for which application threads were stopped: 0.0000270 seconds
2015-03-24T20:24:04.112+0000: 5.849: Total time for which application threads were stopped: 0.0000250 seconds
2015-03-24T20:24:04.112+0000: 5.849: Total time for which application threads were stopped: 0.0000250 seconds
2015-03-24T20:24:04.112+0000: 5.849: Total time for which application threads were stopped: 0.0000250 seconds
2015-03-24T20:24:04.153+0000: 5.890: Total time for which application threads were stopped: 0.0020820 seconds
2015-03-24T20:24:04.162+0000: 5.898: Total time for which application threads were stopped: 0.0000360 seconds
2015-03-24T20:24:04.206+0000: 5.942: Total time for which application threads were stopped: 0.0000450 seconds
2015-03-24T20:24:04.206+0000: 5.942: Total time for which application threads were stopped: 0.0000170 seconds
2015-03-24T20:24:04.206+0000: 5.942: Total time for which application threads were stopped: 0.0000140 seconds
2015-03-24T20:24:04.206+0000: 5.942: Total time for which application threads were stopped: 0.0000270 seconds
2015-03-24T20:24:04.206+0000: 5.942: Total time for which application threads were stopped: 0.0000150 seconds
2015-03-24T20:24:04.206+0000: 5.942: Total time for which application threads were stopped: 0.0000140 seconds
2015-03-24T20:24:04.206+0000: 5.942: Total time for which application threads were stopped: 0.0000150 seconds
2015-03-24T20:24:04.206+0000: 5.942: Total time for which application threads were stopped: 0.0000150 seconds
2015-03-24T20:24:04.206+0000: 5.942: Total time for which application threads were stopped: 0.0000150 seconds
2015-03-24T20:24:04.206+0000: 5.943: Total time for which application threads were stopped: 0.0000140 seconds
2015-03-24T20:24:04.206+0000: 5.943: Total time for which application threads were stopped: 0.0000280 seconds
2015-03-24T20:24:04.206+0000: 5.943: Total time for which application threads were stopped: 0.0000140 seconds
2015-03-24T20:24:04.206+0000: 5.943: Total time for which application threads were stopped: 0.0000140 seconds
2015-03-24T20:24:04.206+0000: 5.943: Total time for which application threads were stopped: 0.0000130 seconds
2015-03-24T20:24:04.206+0000: 5.943: Total time for which application threads were stopped: 0.0000140 seconds
2015-03-24T20:24:04.206+0000: 5.943: Total time for which application threads were stopped: 0.0000290 seconds
2015-03-24T20:24:04.206+0000: 5.943: Total time for which application threads were stopped: 0.0000140 seconds
2015-03-24T20:24:04.206+0000: 5.943: Total time for which application threads were stopped: 0.0000160 seconds
2015-03-24T20:24:04.206+0000: 5.943: Total time for which application threads were stopped: 0.0000140 seconds
2015-03-24T20:24:04.206+0000: 5.943: Total time for which application threads were stopped: 0.0001240 seconds
2015-03-24T20:24:04.214+0000: 5.950: Total time for which application threads were stopped: 0.0000420 seconds
2015-03-24T20:24:04.214+0000: 5.951: Total time for which application threads were stopped: 0.0000260 seconds
2015-03-24T20:24:04.214+0000: 5.951: Total time for which application threads were stopped: 0.0000170 seconds
2015-03-24T20:24:15.568+0000: 17.304: Total time for which application threads were stopped: 0.0000980 seconds
2015-03-24T20:24:15.568+0000: 17.304: Total time for which application threads were stopped: 0.0000210 seconds
2015-03-24T20:24:15.568+0000: 17.304: Total time for which application threads were stopped: 0.0000160 seconds
2015-03-24T20:24:15.574+0000: 17.311: Total time for which application threads were stopped: 0.0000240 seconds
2015-03-24T20:24:15.576+0000: 17.312: Total time for which application threads were stopped: 0.0000290 seconds
2015-03-24T20:24:15.578+0000: 17.315: Total time for which application threads were stopped: 0.0000220 seconds
2015-03-24T20:24:15.581+0000: 17.318: Total time for which application threads were stopped: 0.0000260 seconds
2015-03-24T20:24:15.581+0000: 17.318: Total time for which application threads were stopped: 0.0000180 seconds
2015-03-24T20:24:15.586+0000: 17.322: Total time for which application threads were stopped: 0.0000230 seconds
2015-03-24T20:24:15.586+0000: 17.322: Total time for which application threads were stopped: 0.0000220 seconds
2015-03-24T20:24:15.591+0000: 17.327: Total time for which application threads were stopped: 0.0000440 seconds
2015-03-24T20:24:15.591+0000: 17.328: Total time for which application threads were stopped: 0.0000230 seconds
2015-03-24T20:24:15.592+0000: 17.328: Total time for which application threads were stopped: 0.0000200 seconds
2015-03-24T20:24:15.597+0000: 17.333: Total time for which application threads were stopped: 0.0000500 seconds
2015-03-24T20:24:15.605+0000: 17.342: Total time for which application threads were stopped: 0.0000270 seconds
2015-03-24T20:24:15.612+0000: 17.348: Total time for which application threads were stopped: 0.0000250 seconds
2015-03-24T20:24:15.612+0000: 17.349: Total time for which application threads were stopped: 0.0000230 seconds
2015-03-24T20:24:15.618+0000: 17.354: Total time for which application threads were stopped: 0.0001060 seconds
2015-03-24T20:24:15.640+0000: 17.377: Total time for which application threads were stopped: 0.0000260 seconds
2015-03-24T20:24:15.643+0000: 17.379: Total time for which application threads were stopped: 0.0000250 seconds
2015-03-24T20:24:15.643+0000: 17.379: Total time for which application threads were stopped: 0.0000210 seconds
2015-03-24T20:24:15.643+0000: 17.379: Total time for which application threads were stopped: 0.0000190 seconds
2015-03-24T20:24:15.643+0000: 17.380: Total time for which application threads were stopped: 0.0000190 seconds
2015-03-24T20:24:15.644+0000: 17.381: Total time for which application threads were stopped: 0.0000270 seconds
2015-03-24T20:24:15.645+0000: 17.381: Total time for which application threads were stopped: 0.0000220 seconds
2015-03-24T20:24:15.645+0000: 17.381: Total time for which application threads were stopped: 0.0000170 seconds
2015-03-24T20:24:15.645+0000: 17.381: Total time for which application threads were stopped: 0.0000180 seconds
2015-03-24T20:24:15.647+0000: 17.384: Total time for which application threads were stopped: 0.0000370 seconds
2015-03-24T20:24:15.648+0000: 17.385: Total time for which application threads were stopped: 0.0000250 seconds
2015-03-24T20:24:15.653+0000: 17.389: Total time for which application threads were stopped: 0.0000280 seconds
2015-03-24T20:24:15.653+0000: 17.389: Total time for which application threads were stopped: 0.0000170 seconds
2015-03-24T20:24:15.662+0000: 17.399: Total time for which application threads were stopped: 0.0000260 seconds
2015-03-24T20:24:15.664+0000: 17.400: Total time for which application threads were stopped: 0.0000240 seconds
2015-03-24T20:24:15.666+0000: 17.403: Total time for which application threads were stopped: 0.0000250 seconds
2015-03-24T20:24:15.678+0000: 17.414: Total time for which application threads were stopped: 0.0000250 seconds
2015-03-24T20:24:15.678+0000: 17.415: Total time for which application threads were stopped: 0.0000230 seconds
2015-03-24T20:24:15.680+0000: 17.417: Total time for which application threads were stopped: 0.0000370 seconds
2015-03-24T20:24:15.680+0000: 17.417: Total time for which application threads were stopped: 0.0000270 seconds
2015-03-24T20:24:15.684+0000: 17.420: Total time for which application threads were stopped: 0.0000260 seconds
2015-03-24T20:24:15.684+0000: 17.420: Total time for which application threads were stopped: 0.0000240 seconds
2015-03-24T20:24:15.684+0000: 17.421: Total time for which application threads were stopped: 0.0000330 seconds
2015-03-24T20:24:15.684+0000: 17.421: Total time for which application threads were stopped: 0.0000290 seconds
2015-03-24T20:24:15.684+0000: 17.421: Total time for which application threads were stopped: 0.0000280 seconds
2015-03-24T20:24:15.684+0000: 17.421: Total time for which application threads were stopped: 0.0000420 seconds
2015-03-24T20:24:15.684+0000: 17.421: Total time for which application threads were stopped: 0.0000160 seconds
2015-03-24T20:24:15.684+0000: 17.421: Total time for which application threads were stopped: 0.0000180 seconds
2015-03-24T20:24:15.685+0000: 17.421: Total time for which application threads were stopped: 0.0000320 seconds
2015-03-24T20:24:15.685+0000: 17.422: Total time for which application threads were stopped: 0.0000260 seconds
2015-03-24T20:24:15.685+0000: 17.422: Total time for which application threads were stopped: 0.0000290 seconds
2015-03-24T20:24:15.784+0000: 17.521: Total time for which application threads were stopped: 0.0000360 seconds
2015-03-24T20:24:15.784+0000: 17.521: Total time for which application threads were stopped: 0.0000190 seconds
2015-03-24T20:24:15.796+0000: 17.532: Total time for which application threads were stopped: 0.0000390 seconds
2015-03-24T20:24:15.877+0000: 17.613: Total time for which application threads were stopped: 0.0000690 seconds
2015-03-24T20:24:15.877+0000: 17.614: Total time for which application threads were stopped: 0.0000300 seconds
2015-03-24T20:24:15.881+0000: 17.617: Total time for which application threads were stopped: 0.0000350 seconds
2015-03-24T20:24:15.881+0000: 17.618: Total time for which application threads were stopped: 0.0000190 seconds
2015-03-24T20:24:15.893+0000: 17.630: Total time for which application threads were stopped: 0.0000380 seconds
2015-03-24T20:52:02.646+0000: 1684.383: Total time for which application threads were stopped: 0.0001150 seconds
2015-03-24T20:52:02.646+0000: 1684.383: Total time for which application threads were stopped: 0.0000170 seconds
2015-03-24T20:52:02.646+0000: 1684.383: Total time for which application threads were stopped: 0.0000340 seconds
2015-03-24T20:52:02.647+0000: 1684.383: Total time for which application threads were stopped: 0.0000390 seconds
2015-03-24T20:52:02.648+0000: 1684.385: Total time for which application threads were stopped: 0.0000280 seconds
2015-03-24T20:52:02.649+0000: 1684.385: Total time for which application threads were stopped: 0.0000240 seconds
2015-03-24T20:52:02.656+0000: 1684.392: Total time for which application threads were stopped: 0.0000270 seconds
2015-03-24T20:52:52.683+0000: 1734.419: Total time for which application threads were stopped: 0.0002100 seconds
2015-03-24T20:54:45.931+0000: 1847.667: Total time for which application threads were stopped: 0.0001440 seconds
2015-03-24T20:54:45.931+0000: 1847.668: Total time for which application threads were stopped: 0.0000180 seconds
2015-03-24T20:54:45.931+0000: 1847.668: Total time for which application threads were stopped: 0.0000190 seconds
2015-03-24T20:54:45.931+0000: 1847.668: Total time for which application threads were stopped: 0.0000300 seconds
2015-03-24T20:55:06.086+0000: 1867.823: Total time for which application threads were stopped: 0.0001180 seconds
2015-03-24T20:55:06.086+0000: 1867.823: Total time for which application threads were stopped: 0.0000160 seconds
2015-03-24T20:55:06.086+0000: 1867.823: Total time for which application threads were stopped: 0.0000150 seconds
2015-03-24T20:55:06.086+0000: 1867.823: Total time for which application threads were stopped: 0.0000180 seconds
2015-03-24T20:55:06.087+0000: 1867.823: Total time for which application threads were stopped: 0.0000160 seconds
2015-03-24T20:55:06.087+0000: 1867.824: Total time for which application threads were stopped: 0.0000270 seconds
2015-03-24T20:55:06.088+0000: 1867.824: Total time for which application threads were stopped: 0.0000240 seconds
2015-03-24T20:55:06.088+0000: 1867.825: Total time for which application threads were stopped: 0.0000230 seconds
2015-03-24T20:55:18.323+0000: 1880.059: Total time for which application threads were stopped: 0.0000950 seconds
2015-03-24T20:55:39.260+0000: 1900.996: Total time for which application threads were stopped: 0.0001240 seconds
2015-03-24T20:56:05.743+0000: 1927.480: Total time for which application threads were stopped: 0.0001550 seconds
2015-03-24T20:56:05.743+0000: 1927.480: Total time for which application threads were stopped: 0.0000180 seconds
2015-03-24T20:56:05.743+0000: 1927.480: Total time for which application threads were stopped: 0.0000200 seconds
2015-03-24T20:56:05.744+0000: 1927.480: Total time for which application threads were stopped: 0.0000160 seconds
2015-03-24T20:56:46.490+0000: 1968.227: Total time for which application threads were stopped: 0.0001270 seconds
2015-03-24T20:56:46.490+0000: 1968.227: Total time for which application threads were stopped: 0.0000270 seconds
2015-03-24T20:56:46.490+0000: 1968.227: Total time for which application threads were stopped: 0.0000200 seconds
2015-03-24T20:56:46.491+0000: 1968.227: Total time for which application threads were stopped: 0.0000170 seconds
2015-03-24T20:56:46.491+0000: 1968.228: Total time for which application threads were stopped: 0.0000150 seconds
2015-03-24T20:56:55.787+0000: 1977.523: Total time for which application threads were stopped: 0.0001100 seconds
2015-03-24T20:57:36.520+0000: 2018.256: Total time for which application threads were stopped: 0.0001300 seconds
2015-03-24T20:59:15.900+0000: 2117.637: Total time for which application threads were stopped: 0.0001280 seconds
2015-03-24T20:59:15.900+0000: 2117.637: Total time for which application threads were stopped: 0.0000300 seconds
2015-03-24T20:59:15.900+0000: 2117.637: Total time for which application threads were stopped: 0.0000190 seconds
2015-03-24T20:59:15.900+0000: 2117.637: Total time for which application threads were stopped: 0.0000160 seconds
2015-03-24T20:59:27.569+0000: 2129.306: Total time for which application threads were stopped: 0.0001010 seconds
2015-03-24T20:59:27.569+0000: 2129.306: Total time for which application threads were stopped: 0.0000170 seconds
2015-03-24T20:59:27.569+0000: 2129.306: Total time for which application threads were stopped: 0.0000190 seconds
2015-03-24T20:59:27.569+0000: 2129.306: Total time for which application threads were stopped: 0.0000180 seconds
2015-03-24T20:59:51.087+0000: 2152.824: Total time for which application threads were stopped: 0.0001000 seconds
2015-03-24T20:59:51.087+0000: 2152.824: Total time for which application threads were stopped: 0.0000160 seconds
2015-03-24T20:59:51.088+0000: 2152.824: Total time for which application threads were stopped: 0.0000320 seconds
2015-03-24T20:59:51.088+0000: 2152.824: Total time for which application threads were stopped: 0.0000170 seconds
2015-03-24T21:00:05.909+0000: 2167.645: Total time for which application threads were stopped: 0.0001530 seconds
2015-03-24T21:00:12.893+0000: 2174.629: Total time for which application threads were stopped: 0.0001240 seconds
2015-03-24T21:00:17.616+0000: 2179.353: Total time for which application threads were stopped: 0.0001390 seconds
2015-03-24T21:01:12.960+0000: 2234.697: Total time for which application threads were stopped: 0.0001080 seconds
2015-03-24T21:01:12.960+0000: 2234.697: Total time for which application threads were stopped: 0.0000170 seconds
2015-03-24T21:01:12.960+0000: 2234.697: Total time for which application threads were stopped: 0.0000190 seconds
2015-03-24T21:01:12.961+0000: 2234.697: Total time for which application threads were stopped: 0.0000170 seconds
2015-03-24T21:02:02.972+0000: 2284.709: Total time for which application threads were stopped: 0.0001290 seconds
2015-03-24T21:03:45.824+0000: 2387.561: Total time for which application threads were stopped: 0.0001190 seconds
2015-03-24T21:03:45.824+0000: 2387.561: Total time for which application threads were stopped: 0.0000870 seconds
2015-03-24T21:03:45.825+0000: 2387.561: Total time for which application threads were stopped: 0.0000330 seconds
2015-03-24T21:03:45.825+0000: 2387.562: Total time for which application threads were stopped: 0.0000170 seconds
2015-03-24T21:03:45.826+0000: 2387.563: Total time for which application threads were stopped: 0.0000220 seconds
2015-03-24T21:04:35.871+0000: 2437.607: Total time for which application threads were stopped: 0.0001420 seconds
2015-03-24T21:06:02.332+0000: 2524.069: Total time for which application threads were stopped: 0.0001130 seconds
2015-03-24T21:06:02.332+0000: 2524.069: Total time for which application threads were stopped: 0.0000310 seconds
2015-03-24T21:06:02.333+0000: 2524.069: Total time for which application threads were stopped: 0.0000190 seconds
2015-03-24T21:06:02.333+0000: 2524.069: Total time for which application threads were stopped: 0.0000190 seconds
2015-03-24T21:06:07.272+0000: 2529.009: Total time for which application threads were stopped: 0.0001210 seconds
2015-03-24T21:06:56.047+0000: 2577.784: Total time for which application threads were stopped: 0.0001300 seconds
2015-03-24T21:06:56.047+0000: 2577.784: Total time for which application threads were stopped: 0.0000170 seconds
2015-03-24T21:06:56.047+0000: 2577.784: Total time for which application threads were stopped: 0.0000320 seconds
2015-03-24T21:06:56.047+0000: 2577.784: Total time for which application threads were stopped: 0.0000160 seconds
2015-03-24T21:06:56.048+0000: 2577.785: Total time for which application threads were stopped: 0.0000150 seconds
2015-03-24T21:07:46.097+0000: 2627.833: Total time for which application threads were stopped: 0.0001260 seconds
2015-03-25T02:31:06.909+0000: 22028.646: Total time for which application threads were stopped: 0.0001390 seconds
2015-03-25T02:31:06.909+0000: 22028.646: Total time for which application threads were stopped: 0.0000160 seconds
2015-03-25T02:31:06.909+0000: 22028.646: Total time for which application threads were stopped: 0.0000150 seconds
2015-03-25T02:31:06.910+0000: 22028.646: Total time for which application threads were stopped: 0.0000170 seconds
2015-03-25T02:31:07.222+0000: 22028.959: Total time for which application threads were stopped: 0.0000590 seconds
2015-03-25T05:40:06.901+0000: 33368.637: Total time for which application threads were stopped: 0.0001210 seconds
2015-03-25T05:40:36.905+0000: 33398.642: Total time for which application threads were stopped: 0.0001260 seconds
2015-03-25T05:56:06.042+0000: 34327.779: Total time for which application threads were stopped: 0.0001270 seconds
2015-03-25T21:43:24.838+0000: 91166.574: Total time for which application threads were stopped: 0.0001720 seconds
2015-03-25T21:43:24.838+0000: 91166.574: Total time for which application threads were stopped: 0.0000180 seconds
2015-03-25T21:43:24.838+0000: 91166.574: Total time for which application threads were stopped: 0.0000190 seconds
2015-03-25T21:43:24.838+0000: 91166.575: Total time for which application threads were stopped: 0.0000170 seconds
2015-03-25T21:43:24.838+0000: 91166.575: Total time for which application threads were stopped: 0.0000210 seconds
2015-03-25T21:43:24.839+0000: 91166.576: Total time for which application threads were stopped: 0.0000200 seconds
2015-03-25T21:43:24.839+0000: 91166.576: Total time for which application threads were stopped: 0.0000250 seconds
2015-03-25T21:43:24.840+0000: 91166.576: Total time for which application threads were stopped: 0.0000240 seconds
2015-03-25T21:43:24.842+0000: 91166.578: Total time for which application threads were stopped: 0.0000310 seconds
2015-03-25T21:43:24.842+0000: 91166.579: Total time for which application threads were stopped: 0.0000230 seconds
2015-03-25T21:43:24.842+0000: 91166.579: Total time for which application threads were stopped: 0.0000240 seconds
2015-03-25T21:43:24.844+0000: 91166.580: Total time for which application threads were stopped: 0.0000240 seconds
2015-03-25T21:43:24.845+0000: 91166.582: Total time for which application threads were stopped: 0.0000240 seconds
2015-03-25T21:43:24.848+0000: 91166.584: Total time for which application threads were stopped: 0.0000250 seconds
2015-03-25T21:43:24.849+0000: 91166.586: Total time for which application threads were stopped: 0.0000240 seconds
2015-03-25T21:43:24.858+0000: 91166.594: Total time for which application threads were stopped: 0.0000280 seconds
2015-03-25T21:43:24.860+0000: 91166.596: Total time for which application threads were stopped: 0.0000430 seconds
2015-03-25T21:43:24.866+0000: 91166.602: Total time for which application threads were stopped: 0.0000280 seconds
2015-03-25T21:43:24.874+0000: 91166.610: Total time for which application threads were stopped: 0.0000300 seconds
2015-03-25T21:43:24.893+0000: 91166.630: Total time for which application threads were stopped: 0.0000300 seconds
2015-03-25T21:43:24.910+0000: 91166.646: Total time for which application threads were stopped: 0.0000290 seconds
2015-03-25T21:43:24.911+0000: 91166.647: Total time for which application threads were stopped: 0.0000260 seconds
2015-03-25T21:43:24.950+0000: 91166.686: Total time for which application threads were stopped: 0.0000450 seconds
2015-03-25T21:43:24.950+0000: 91166.686: Total time for which application threads were stopped: 0.0000440 seconds
2015-03-25T21:43:24.955+0000: 91166.692: Total time for which application threads were stopped: 0.0022150 seconds
2015-03-25T21:43:24.955+0000: 91166.692: Total time for which application threads were stopped: 0.0000140 seconds
2015-03-25T21:43:24.956+0000: 91166.693: Total time for which application threads were stopped: 0.0000260 seconds
2015-03-25T21:43:24.957+0000: 91166.693: Total time for which application threads were stopped: 0.0000230 seconds
2015-03-25T21:43:24.987+0000: 91166.724: Total time for which application threads were stopped: 0.0000400 seconds
2015-03-26T12:09:59.406+0000: 143161.143: Total time for which application threads were stopped: 0.0001340 seconds
2015-03-26T12:09:59.406+0000: 143161.143: Total time for which application threads were stopped: 0.0000170 seconds
2015-03-26T12:09:59.406+0000: 143161.143: Total time for which application threads were stopped: 0.0000150 seconds
2015-03-26T12:09:59.407+0000: 143161.143: Total time for which application threads were stopped: 0.0000160 seconds
2015-03-26T12:09:59.407+0000: 143161.143: Total time for which applicatio